2021-09-17 21:45:22.139  INFO 10208 --- [restartedMain] IT.Java.Application                      : Starting Application on DENIS-WS with PID 10208 (D:\WorkPlace\Eclipse\springboot-exec-jar\target\classes started by yangly_3@hotmail.com in D:\WorkPlace\Eclipse\springboot-exec-jar)
2021-09-17 21:45:22.142  INFO 10208 --- [restartedMain] IT.Java.Application                      : No active profile set, falling back to default profiles: default
2021-09-17 21:45:22.198  INFO 10208 --- [restartedMain] .e.DevToolsPropertyDefaultsPostProcessor : Devtools property defaults active! Set 'spring.devtools.add-properties' to 'false' to disable
2021-09-17 21:45:22.199  INFO 10208 --- [restartedMain] .e.DevToolsPropertyDefaultsPostProcessor : For additional web related logging consider setting the 'logging.level.web' property to 'DEBUG'
2021-09-17 21:45:23.626  INFO 10208 --- [restartedMain] o.s.b.w.embedded.tomcat.TomcatWebServer  : Tomcat initialized with port(s): 8080 (http)
2021-09-17 21:45:23.636  INFO 10208 --- [restartedMain] o.apache.catalina.core.StandardService   : Starting service [Tomcat]
2021-09-17 21:45:23.636  INFO 10208 --- [restartedMain] org.apache.catalina.core.StandardEngine  : Starting Servlet engine: [Apache Tomcat/9.0.35]
2021-09-17 21:45:23.724  INFO 10208 --- [restartedMain] o.a.c.c.C.[Tomcat].[localhost].[/]       : Initializing Spring embedded WebApplicationContext
2021-09-17 21:45:23.725  INFO 10208 --- [restartedMain] o.s.web.context.ContextLoader            : Root WebApplicationContext: initialization completed in 1525 ms
2021-09-17 21:45:23.860  WARN 10208 --- [restartedMain] com.zaxxer.hikari.HikariConfig           : HikariPool-1 - idleTimeout is close to or more than maxLifetime, disabling it.
2021-09-17 21:45:23.862  INFO 10208 --- [restartedMain] com.zaxxer.hikari.HikariDataSource       : HikariPool-1 - Starting...
2021-09-17 21:45:24.145  INFO 10208 --- [restartedMain] hsqldb.db.HSQLDB7BF7392B25.ENGINE        : Checkpoint start
2021-09-17 21:45:24.146  INFO 10208 --- [restartedMain] hsqldb.db.HSQLDB7BF7392B25.ENGINE        : checkpointClose start
2021-09-17 21:45:24.153  INFO 10208 --- [restartedMain] hsqldb.db.HSQLDB7BF7392B25.ENGINE        : checkpointClose synched
2021-09-17 21:45:24.179  INFO 10208 --- [restartedMain] hsqldb.db.HSQLDB7BF7392B25.ENGINE        : checkpointClose script done
2021-09-17 21:45:24.254  INFO 10208 --- [restartedMain] hsqldb.db.HSQLDB7BF7392B25.ENGINE        : checkpointClose end
2021-09-17 21:45:24.255  INFO 10208 --- [restartedMain] hsqldb.db.HSQLDB7BF7392B25.ENGINE        : Checkpoint end - txts: 1
2021-09-17 21:45:24.298  INFO 10208 --- [restartedMain] com.zaxxer.hikari.pool.PoolBase          : HikariPool-1 - Driver does not support get/set network timeout for connections. (feature not supported)
2021-09-17 21:45:24.300  INFO 10208 --- [restartedMain] com.zaxxer.hikari.HikariDataSource       : HikariPool-1 - Start completed.
2021-09-17 21:45:24.513  INFO 10208 --- [restartedMain] o.s.s.concurrent.ThreadPoolTaskExecutor  : Initializing ExecutorService 'applicationTaskExecutor'
2021-09-17 21:45:24.817  WARN 10208 --- [restartedMain] o.s.b.d.a.OptionalLiveReloadServer       : Unable to start LiveReload server
2021-09-17 21:45:24.872  WARN 10208 --- [restartedMain] ConfigServletWebServerApplicationContext : Exception encountered during context initialization - cancelling refresh attempt: org.springframework.context.ApplicationContextException: Failed to start bean 'webServerStartStop'; nested exception is org.springframework.boot.web.server.PortInUseException: Port 8080 is already in use
2021-09-17 21:45:24.874  INFO 10208 --- [restartedMain] o.s.s.concurrent.ThreadPoolTaskExecutor  : Shutting down ExecutorService 'applicationTaskExecutor'
2021-09-17 21:45:24.875  INFO 10208 --- [restartedMain] com.zaxxer.hikari.HikariDataSource       : HikariPool-1 - Shutdown initiated...
2021-09-17 21:45:24.919  INFO 10208 --- [restartedMain] com.zaxxer.hikari.HikariDataSource       : HikariPool-1 - Shutdown completed.
2021-09-17 21:45:24.924  INFO 10208 --- [restartedMain] o.apache.catalina.core.StandardService   : Stopping service [Tomcat]
2021-09-17 21:45:24.937  INFO 10208 --- [restartedMain] ConditionEvaluationReportLoggingListener : 

Error starting ApplicationContext. To display the conditions report re-run your application with 'debug' enabled.
2021-09-17 21:45:24.941 ERROR 10208 --- [restartedMain] o.s.b.d.LoggingFailureAnalysisReporter   : 

***************************
APPLICATION FAILED TO START
***************************

Description:

Web server failed to start. Port 8080 was already in use.

Action:

Identify and stop the process that's listening on port 8080 or configure this application to listen on another port.

2021-12-17 01:11:29.732  INFO 6568 --- [restartedMain] IT.Java.Application                      : Starting Application on DENIS-WS with PID 6568 (D:\WorkPlace\Java\springboot-exec-jar\target\classes started by yangly_3@hotmail.com in D:\WorkPlace\Java\springboot-exec-jar)
2021-12-17 01:11:29.738  INFO 6568 --- [restartedMain] IT.Java.Application                      : No active profile set, falling back to default profiles: default
2021-12-17 01:11:29.811  INFO 6568 --- [restartedMain] .e.DevToolsPropertyDefaultsPostProcessor : Devtools property defaults active! Set 'spring.devtools.add-properties' to 'false' to disable
2021-12-17 01:11:29.811  INFO 6568 --- [restartedMain] .e.DevToolsPropertyDefaultsPostProcessor : For additional web related logging consider setting the 'logging.level.web' property to 'DEBUG'
2021-12-17 01:11:31.174  INFO 6568 --- [restartedMain] o.s.b.w.embedded.tomcat.TomcatWebServer  : Tomcat initialized with port(s): 8080 (http)
2021-12-17 01:11:31.193  INFO 6568 --- [restartedMain] o.apache.catalina.core.StandardService   : Starting service [Tomcat]
2021-12-17 01:11:31.194  INFO 6568 --- [restartedMain] org.apache.catalina.core.StandardEngine  : Starting Servlet engine: [Apache Tomcat/9.0.35]
2021-12-17 01:11:31.285  INFO 6568 --- [restartedMain] o.a.c.c.C.[Tomcat].[localhost].[/]       : Initializing Spring embedded WebApplicationContext
2021-12-17 01:11:31.286  INFO 6568 --- [restartedMain] o.s.web.context.ContextLoader            : Root WebApplicationContext: initialization completed in 1475 ms
2021-12-17 01:11:31.422  WARN 6568 --- [restartedMain] com.zaxxer.hikari.HikariConfig           : HikariPool-1 - idleTimeout is close to or more than maxLifetime, disabling it.
2021-12-17 01:11:31.424  INFO 6568 --- [restartedMain] com.zaxxer.hikari.HikariDataSource       : HikariPool-1 - Starting...
2021-12-17 01:11:31.712  INFO 6568 --- [restartedMain] hsqldb.db.HSQLDB7BF7392B25.ENGINE        : checkpointClose start
2021-12-17 01:11:31.713  INFO 6568 --- [restartedMain] hsqldb.db.HSQLDB7BF7392B25.ENGINE        : checkpointClose synched
2021-12-17 01:11:31.743  INFO 6568 --- [restartedMain] hsqldb.db.HSQLDB7BF7392B25.ENGINE        : checkpointClose script done
2021-12-17 01:11:31.844  INFO 6568 --- [restartedMain] hsqldb.db.HSQLDB7BF7392B25.ENGINE        : checkpointClose end
2021-12-17 01:11:31.850  INFO 6568 --- [restartedMain] com.zaxxer.hikari.pool.PoolBase          : HikariPool-1 - Driver does not support get/set network timeout for connections. (feature not supported)
2021-12-17 01:11:31.854  INFO 6568 --- [restartedMain] com.zaxxer.hikari.HikariDataSource       : HikariPool-1 - Start completed.
2021-12-17 01:11:32.120  INFO 6568 --- [restartedMain] o.s.s.concurrent.ThreadPoolTaskExecutor  : Initializing ExecutorService 'applicationTaskExecutor'
2021-12-17 01:11:32.424  INFO 6568 --- [restartedMain] o.s.b.d.a.OptionalLiveReloadServer       : LiveReload server is running on port 35729
2021-12-17 01:11:32.502  INFO 6568 --- [restartedMain] o.s.b.w.embedded.tomcat.TomcatWebServer  : Tomcat started on port(s): 8080 (http) with context path ''
2021-12-17 01:11:32.519  INFO 6568 --- [restartedMain] IT.Java.Application                      : Started Application in 3.759 seconds (JVM running for 4.452)
2021-12-17 01:11:56.209  INFO 6568 --- [SpringContextShutdownHook] o.s.s.concurrent.ThreadPoolTaskExecutor  : Shutting down ExecutorService 'applicationTaskExecutor'
2021-12-17 01:11:56.211  INFO 6568 --- [SpringContextShutdownHook] com.zaxxer.hikari.HikariDataSource       : HikariPool-1 - Shutdown initiated...
2021-12-17 01:11:56.259  INFO 6568 --- [SpringContextShutdownHook] com.zaxxer.hikari.HikariDataSource       : HikariPool-1 - Shutdown completed.
2021-12-17 01:11:59.017  INFO 14292 --- [restartedMain] IT.Java.Application                      : Starting Application on DENIS-WS with PID 14292 (D:\WorkPlace\Java\springboot-exec-jar\target\classes started by yangly_3@hotmail.com in D:\WorkPlace\Java\springboot-exec-jar)
2021-12-17 01:11:59.020  INFO 14292 --- [restartedMain] IT.Java.Application                      : No active profile set, falling back to default profiles: default
2021-12-17 01:11:59.109  INFO 14292 --- [restartedMain] .e.DevToolsPropertyDefaultsPostProcessor : Devtools property defaults active! Set 'spring.devtools.add-properties' to 'false' to disable
2021-12-17 01:11:59.110  INFO 14292 --- [restartedMain] .e.DevToolsPropertyDefaultsPostProcessor : For additional web related logging consider setting the 'logging.level.web' property to 'DEBUG'
2021-12-17 01:12:00.509  INFO 14292 --- [restartedMain] o.s.b.w.embedded.tomcat.TomcatWebServer  : Tomcat initialized with port(s): 8080 (http)
2021-12-17 01:12:00.524  INFO 14292 --- [restartedMain] o.apache.catalina.core.StandardService   : Starting service [Tomcat]
2021-12-17 01:12:00.525  INFO 14292 --- [restartedMain] org.apache.catalina.core.StandardEngine  : Starting Servlet engine: [Apache Tomcat/9.0.35]
2021-12-17 01:12:00.609  INFO 14292 --- [restartedMain] o.a.c.c.C.[Tomcat].[localhost].[/]       : Initializing Spring embedded WebApplicationContext
2021-12-17 01:12:00.609  INFO 14292 --- [restartedMain] o.s.web.context.ContextLoader            : Root WebApplicationContext: initialization completed in 1499 ms
2021-12-17 01:12:00.751  WARN 14292 --- [restartedMain] com.zaxxer.hikari.HikariConfig           : HikariPool-1 - idleTimeout is close to or more than maxLifetime, disabling it.
2021-12-17 01:12:00.752  INFO 14292 --- [restartedMain] com.zaxxer.hikari.HikariDataSource       : HikariPool-1 - Starting...
2021-12-17 01:12:02.067  INFO 14292 --- [restartedMain] hsqldb.db.HSQLDB7BF7392B25.ENGINE        : checkpointClose start
2021-12-17 01:12:02.068  INFO 14292 --- [restartedMain] hsqldb.db.HSQLDB7BF7392B25.ENGINE        : checkpointClose synched
2021-12-17 01:12:02.109  INFO 14292 --- [restartedMain] hsqldb.db.HSQLDB7BF7392B25.ENGINE        : checkpointClose script done
2021-12-17 01:12:02.252  INFO 14292 --- [restartedMain] hsqldb.db.HSQLDB7BF7392B25.ENGINE        : checkpointClose end
2021-12-17 01:12:02.261  INFO 14292 --- [restartedMain] com.zaxxer.hikari.pool.PoolBase          : HikariPool-1 - Driver does not support get/set network timeout for connections. (feature not supported)
2021-12-17 01:12:02.264  INFO 14292 --- [restartedMain] com.zaxxer.hikari.HikariDataSource       : HikariPool-1 - Start completed.
2021-12-17 01:12:02.604  INFO 14292 --- [restartedMain] o.s.s.concurrent.ThreadPoolTaskExecutor  : Initializing ExecutorService 'applicationTaskExecutor'
2021-12-17 01:12:03.029  INFO 14292 --- [restartedMain] o.s.b.d.a.OptionalLiveReloadServer       : LiveReload server is running on port 35729
2021-12-17 01:12:03.154  INFO 14292 --- [restartedMain] o.s.b.w.embedded.tomcat.TomcatWebServer  : Tomcat started on port(s): 8080 (http) with context path ''
2021-12-17 01:12:03.178  INFO 14292 --- [restartedMain] IT.Java.Application                      : Started Application in 4.687 seconds (JVM running for 5.194)
2021-12-17 01:12:11.896  INFO 14292 --- [http-nio-8080-exec-2] o.a.c.c.C.[Tomcat].[localhost].[/]       : Initializing Spring DispatcherServlet 'dispatcherServlet'
2021-12-17 01:12:11.897  INFO 14292 --- [http-nio-8080-exec-2] o.s.web.servlet.DispatcherServlet        : Initializing Servlet 'dispatcherServlet'
2021-12-17 01:12:11.909  INFO 14292 --- [http-nio-8080-exec-2] o.s.web.servlet.DispatcherServlet        : Completed initialization in 11 ms
2021-12-17 01:16:41.969  INFO 14292 --- [SpringContextShutdownHook] o.s.s.concurrent.ThreadPoolTaskExecutor  : Shutting down ExecutorService 'applicationTaskExecutor'
2021-12-17 01:16:41.970  INFO 14292 --- [SpringContextShutdownHook] com.zaxxer.hikari.HikariDataSource       : HikariPool-1 - Shutdown initiated...
2021-12-17 01:16:42.019  INFO 14292 --- [SpringContextShutdownHook] com.zaxxer.hikari.HikariDataSource       : HikariPool-1 - Shutdown completed.
2021-12-17 01:16:44.831  INFO 6324 --- [restartedMain] IT.Java.Application                      : Starting Application on DENIS-WS with PID 6324 (D:\WorkPlace\Java\springboot-exec-jar\target\classes started by yangly_3@hotmail.com in D:\WorkPlace\Java\springboot-exec-jar)
2021-12-17 01:16:44.836  INFO 6324 --- [restartedMain] IT.Java.Application                      : No active profile set, falling back to default profiles: default
2021-12-17 01:16:44.909  INFO 6324 --- [restartedMain] .e.DevToolsPropertyDefaultsPostProcessor : Devtools property defaults active! Set 'spring.devtools.add-properties' to 'false' to disable
2021-12-17 01:16:44.909  INFO 6324 --- [restartedMain] .e.DevToolsPropertyDefaultsPostProcessor : For additional web related logging consider setting the 'logging.level.web' property to 'DEBUG'
2021-12-17 01:16:46.339  INFO 6324 --- [restartedMain] o.s.b.w.embedded.tomcat.TomcatWebServer  : Tomcat initialized with port(s): 8080 (http)
2021-12-17 01:16:46.353  INFO 6324 --- [restartedMain] o.apache.catalina.core.StandardService   : Starting service [Tomcat]
2021-12-17 01:16:46.354  INFO 6324 --- [restartedMain] org.apache.catalina.core.StandardEngine  : Starting Servlet engine: [Apache Tomcat/9.0.35]
2021-12-17 01:16:46.439  INFO 6324 --- [restartedMain] o.a.c.c.C.[Tomcat].[localhost].[/]       : Initializing Spring embedded WebApplicationContext
2021-12-17 01:16:46.439  INFO 6324 --- [restartedMain] o.s.web.context.ContextLoader            : Root WebApplicationContext: initialization completed in 1530 ms
2021-12-17 01:16:46.603  WARN 6324 --- [restartedMain] com.zaxxer.hikari.HikariConfig           : HikariPool-1 - idleTimeout is close to or more than maxLifetime, disabling it.
2021-12-17 01:16:46.604  INFO 6324 --- [restartedMain] com.zaxxer.hikari.HikariDataSource       : HikariPool-1 - Starting...
2021-12-17 01:16:46.886  INFO 6324 --- [restartedMain] hsqldb.db.HSQLDB7BF7392B25.ENGINE        : checkpointClose start
2021-12-17 01:16:46.886  INFO 6324 --- [restartedMain] hsqldb.db.HSQLDB7BF7392B25.ENGINE        : checkpointClose synched
2021-12-17 01:16:46.929  INFO 6324 --- [restartedMain] hsqldb.db.HSQLDB7BF7392B25.ENGINE        : checkpointClose script done
2021-12-17 01:16:47.022  INFO 6324 --- [restartedMain] hsqldb.db.HSQLDB7BF7392B25.ENGINE        : checkpointClose end
2021-12-17 01:16:47.027  INFO 6324 --- [restartedMain] com.zaxxer.hikari.pool.PoolBase          : HikariPool-1 - Driver does not support get/set network timeout for connections. (feature not supported)
2021-12-17 01:16:47.029  INFO 6324 --- [restartedMain] com.zaxxer.hikari.HikariDataSource       : HikariPool-1 - Start completed.
2021-12-17 01:16:47.262  INFO 6324 --- [restartedMain] o.s.s.concurrent.ThreadPoolTaskExecutor  : Initializing ExecutorService 'applicationTaskExecutor'
2021-12-17 01:16:47.541  INFO 6324 --- [restartedMain] o.s.b.d.a.OptionalLiveReloadServer       : LiveReload server is running on port 35729
2021-12-17 01:16:47.608  INFO 6324 --- [restartedMain] o.s.b.w.embedded.tomcat.TomcatWebServer  : Tomcat started on port(s): 8080 (http) with context path ''
2021-12-17 01:16:47.624  INFO 6324 --- [restartedMain] IT.Java.Application                      : Started Application in 3.45 seconds (JVM running for 3.969)
2021-12-17 01:21:00.554  INFO 6324 --- [SpringContextShutdownHook] o.s.s.concurrent.ThreadPoolTaskExecutor  : Shutting down ExecutorService 'applicationTaskExecutor'
2021-12-17 01:21:00.555  INFO 6324 --- [SpringContextShutdownHook] com.zaxxer.hikari.HikariDataSource       : HikariPool-1 - Shutdown initiated...
2021-12-17 01:21:00.614  INFO 6324 --- [SpringContextShutdownHook] com.zaxxer.hikari.HikariDataSource       : HikariPool-1 - Shutdown completed.
2021-12-31 01:02:24.252  INFO 14944 --- [restartedMain] IT.Java.Application                      : Starting Application on DENIS-WS with PID 14944 (D:\WorkPlace\Java\springboot-exec-jar\target\classes started by yangly_3@hotmail.com in D:\WorkPlace\Java\springboot-exec-jar)
2021-12-31 01:02:24.256  INFO 14944 --- [restartedMain] IT.Java.Application                      : No active profile set, falling back to default profiles: default
2021-12-31 01:02:24.318  INFO 14944 --- [restartedMain] .e.DevToolsPropertyDefaultsPostProcessor : Devtools property defaults active! Set 'spring.devtools.add-properties' to 'false' to disable
2021-12-31 01:02:24.318  INFO 14944 --- [restartedMain] .e.DevToolsPropertyDefaultsPostProcessor : For additional web related logging consider setting the 'logging.level.web' property to 'DEBUG'
2021-12-31 01:02:25.761  INFO 14944 --- [restartedMain] o.s.b.w.embedded.tomcat.TomcatWebServer  : Tomcat initialized with port(s): 8080 (http)
2021-12-31 01:02:25.775  INFO 14944 --- [restartedMain] o.apache.catalina.core.StandardService   : Starting service [Tomcat]
2021-12-31 01:02:25.776  INFO 14944 --- [restartedMain] org.apache.catalina.core.StandardEngine  : Starting Servlet engine: [Apache Tomcat/9.0.35]
2021-12-31 01:02:25.858  INFO 14944 --- [restartedMain] o.a.c.c.C.[Tomcat].[localhost].[/]       : Initializing Spring embedded WebApplicationContext
2021-12-31 01:02:25.858  INFO 14944 --- [restartedMain] o.s.web.context.ContextLoader            : Root WebApplicationContext: initialization completed in 1540 ms
2021-12-31 01:02:25.981  WARN 14944 --- [restartedMain] com.zaxxer.hikari.HikariConfig           : HikariPool-1 - idleTimeout is close to or more than maxLifetime, disabling it.
2021-12-31 01:02:25.983  INFO 14944 --- [restartedMain] com.zaxxer.hikari.HikariDataSource       : HikariPool-1 - Starting...
2021-12-31 01:02:26.292  INFO 14944 --- [restartedMain] hsqldb.db.HSQLDB7BF7392B25.ENGINE        : checkpointClose start
2021-12-31 01:02:26.293  INFO 14944 --- [restartedMain] hsqldb.db.HSQLDB7BF7392B25.ENGINE        : checkpointClose synched
2021-12-31 01:02:26.327  INFO 14944 --- [restartedMain] hsqldb.db.HSQLDB7BF7392B25.ENGINE        : checkpointClose script done
2021-12-31 01:02:26.411  INFO 14944 --- [restartedMain] hsqldb.db.HSQLDB7BF7392B25.ENGINE        : checkpointClose end
2021-12-31 01:02:26.416  INFO 14944 --- [restartedMain] com.zaxxer.hikari.pool.PoolBase          : HikariPool-1 - Driver does not support get/set network timeout for connections. (feature not supported)
2021-12-31 01:02:26.418  INFO 14944 --- [restartedMain] com.zaxxer.hikari.HikariDataSource       : HikariPool-1 - Start completed.
2021-12-31 01:02:26.655  INFO 14944 --- [restartedMain] o.s.s.concurrent.ThreadPoolTaskExecutor  : Initializing ExecutorService 'applicationTaskExecutor'
2021-12-31 01:02:26.931  INFO 14944 --- [restartedMain] o.s.b.d.a.OptionalLiveReloadServer       : LiveReload server is running on port 35729
2021-12-31 01:02:26.996  INFO 14944 --- [restartedMain] o.s.b.w.embedded.tomcat.TomcatWebServer  : Tomcat started on port(s): 8080 (http) with context path ''
2021-12-31 01:02:27.009  INFO 14944 --- [restartedMain] IT.Java.Application                      : Started Application in 3.289 seconds (JVM running for 3.81)
2021-12-31 01:02:34.743  INFO 14944 --- [http-nio-8080-exec-1] o.a.c.c.C.[Tomcat].[localhost].[/]       : Initializing Spring DispatcherServlet 'dispatcherServlet'
2021-12-31 01:02:34.744  INFO 14944 --- [http-nio-8080-exec-1] o.s.web.servlet.DispatcherServlet        : Initializing Servlet 'dispatcherServlet'
2021-12-31 01:02:34.749  INFO 14944 --- [http-nio-8080-exec-1] o.s.web.servlet.DispatcherServlet        : Completed initialization in 5 ms
2021-12-31 01:03:16.258  INFO 14944 --- [SpringContextShutdownHook] o.s.s.concurrent.ThreadPoolTaskExecutor  : Shutting down ExecutorService 'applicationTaskExecutor'
2021-12-31 01:03:16.259  INFO 14944 --- [SpringContextShutdownHook] com.zaxxer.hikari.HikariDataSource       : HikariPool-1 - Shutdown initiated...
2021-12-31 01:03:16.309  INFO 14944 --- [SpringContextShutdownHook] com.zaxxer.hikari.HikariDataSource       : HikariPool-1 - Shutdown completed.
2021-12-31 01:03:20.376  INFO 11244 --- [restartedMain] IT.Java.Application                      : Starting Application on DENIS-WS with PID 11244 (D:\WorkPlace\Java\springboot-exec-jar\target\classes started by yangly_3@hotmail.com in D:\WorkPlace\Java\springboot-exec-jar)
2021-12-31 01:03:20.379  INFO 11244 --- [restartedMain] IT.Java.Application                      : No active profile set, falling back to default profiles: default
2021-12-31 01:03:20.447  INFO 11244 --- [restartedMain] .e.DevToolsPropertyDefaultsPostProcessor : Devtools property defaults active! Set 'spring.devtools.add-properties' to 'false' to disable
2021-12-31 01:03:20.447  INFO 11244 --- [restartedMain] .e.DevToolsPropertyDefaultsPostProcessor : For additional web related logging consider setting the 'logging.level.web' property to 'DEBUG'
2021-12-31 01:03:21.810  INFO 11244 --- [restartedMain] o.s.b.w.embedded.tomcat.TomcatWebServer  : Tomcat initialized with port(s): 8080 (http)
2021-12-31 01:03:21.826  INFO 11244 --- [restartedMain] o.apache.catalina.core.StandardService   : Starting service [Tomcat]
2021-12-31 01:03:21.827  INFO 11244 --- [restartedMain] org.apache.catalina.core.StandardEngine  : Starting Servlet engine: [Apache Tomcat/9.0.35]
2021-12-31 01:03:21.914  INFO 11244 --- [restartedMain] o.a.c.c.C.[Tomcat].[localhost].[/]       : Initializing Spring embedded WebApplicationContext
2021-12-31 01:03:21.915  INFO 11244 --- [restartedMain] o.s.web.context.ContextLoader            : Root WebApplicationContext: initialization completed in 1467 ms
2021-12-31 01:03:22.072  WARN 11244 --- [restartedMain] com.zaxxer.hikari.HikariConfig           : HikariPool-1 - idleTimeout is close to or more than maxLifetime, disabling it.
2021-12-31 01:03:22.075  INFO 11244 --- [restartedMain] com.zaxxer.hikari.HikariDataSource       : HikariPool-1 - Starting...
2021-12-31 01:03:26.499  INFO 11244 --- [restartedMain] hsqldb.db.HSQLDB7BF7392B25.ENGINE        : checkpointClose start
2021-12-31 01:03:26.500  INFO 11244 --- [restartedMain] hsqldb.db.HSQLDB7BF7392B25.ENGINE        : checkpointClose synched
2021-12-31 01:03:26.517  INFO 11244 --- [restartedMain] hsqldb.db.HSQLDB7BF7392B25.ENGINE        : checkpointClose script done
2021-12-31 01:03:26.609  INFO 11244 --- [restartedMain] hsqldb.db.HSQLDB7BF7392B25.ENGINE        : checkpointClose end
2021-12-31 01:03:26.614  INFO 11244 --- [restartedMain] com.zaxxer.hikari.pool.PoolBase          : HikariPool-1 - Driver does not support get/set network timeout for connections. (feature not supported)
2021-12-31 01:03:26.616  INFO 11244 --- [restartedMain] com.zaxxer.hikari.HikariDataSource       : HikariPool-1 - Start completed.
2021-12-31 01:03:26.861  INFO 11244 --- [restartedMain] o.s.s.concurrent.ThreadPoolTaskExecutor  : Initializing ExecutorService 'applicationTaskExecutor'
2021-12-31 01:03:27.156  INFO 11244 --- [restartedMain] o.s.b.d.a.OptionalLiveReloadServer       : LiveReload server is running on port 35729
2021-12-31 01:03:27.226  INFO 11244 --- [restartedMain] o.s.b.w.embedded.tomcat.TomcatWebServer  : Tomcat started on port(s): 8080 (http) with context path ''
2021-12-31 01:03:27.240  INFO 11244 --- [restartedMain] IT.Java.Application                      : Started Application in 7.48 seconds (JVM running for 7.984)
2021-12-31 01:03:27.429  INFO 11244 --- [http-nio-8080-exec-1] o.a.c.c.C.[Tomcat].[localhost].[/]       : Initializing Spring DispatcherServlet 'dispatcherServlet'
2021-12-31 01:03:27.430  INFO 11244 --- [http-nio-8080-exec-1] o.s.web.servlet.DispatcherServlet        : Initializing Servlet 'dispatcherServlet'
2021-12-31 01:03:27.444  INFO 11244 --- [http-nio-8080-exec-1] o.s.web.servlet.DispatcherServlet        : Completed initialization in 14 ms
2021-12-31 01:03:35.417  INFO 11244 --- [SpringContextShutdownHook] o.s.s.concurrent.ThreadPoolTaskExecutor  : Shutting down ExecutorService 'applicationTaskExecutor'
2021-12-31 01:03:35.418  INFO 11244 --- [SpringContextShutdownHook] com.zaxxer.hikari.HikariDataSource       : HikariPool-1 - Shutdown initiated...
2021-12-31 01:03:35.475  INFO 11244 --- [SpringContextShutdownHook] com.zaxxer.hikari.HikariDataSource       : HikariPool-1 - Shutdown completed.
