2021-09-17 22:58:39.729  INFO 7900 --- [restartedMain] IT.Java.Application                      : Starting Application on DENIS-WS with PID 7900 (D:\WorkPlace\Eclipse\springboot-profiles\target\classes started by yangly_3@hotmail.com in D:\WorkPlace\Eclipse\springboot-profiles)
2021-09-17 22:58:39.733  INFO 7900 --- [restartedMain] IT.Java.Application                      : No active profile set, falling back to default profiles: default
2021-09-17 22:58:39.789  INFO 7900 --- [restartedMain] .e.DevToolsPropertyDefaultsPostProcessor : Devtools property defaults active! Set 'spring.devtools.add-properties' to 'false' to disable
2021-09-17 22:58:39.789  INFO 7900 --- [restartedMain] .e.DevToolsPropertyDefaultsPostProcessor : For additional web related logging consider setting the 'logging.level.web' property to 'DEBUG'
2021-09-17 22:58:41.515  INFO 7900 --- [restartedMain] o.s.b.w.embedded.tomcat.TomcatWebServer  : Tomcat initialized with port(s): 8080 (http)
2021-09-17 22:58:41.533  INFO 7900 --- [restartedMain] o.apache.catalina.core.StandardService   : Starting service [Tomcat]
2021-09-17 22:58:41.534  INFO 7900 --- [restartedMain] org.apache.catalina.core.StandardEngine  : Starting Servlet engine: [Apache Tomcat/9.0.35]
2021-09-17 22:58:41.642  INFO 7900 --- [restartedMain] o.a.c.c.C.[Tomcat].[localhost].[/]       : Initializing Spring embedded WebApplicationContext
2021-09-17 22:58:41.642  INFO 7900 --- [restartedMain] o.s.web.context.ContextLoader            : Root WebApplicationContext: initialization completed in 1852 ms
2021-09-17 22:58:41.942  WARN 7900 --- [restartedMain] com.zaxxer.hikari.HikariConfig           : HikariPool-1 - idleTimeout is close to or more than maxLifetime, disabling it.
2021-09-17 22:58:41.944  INFO 7900 --- [restartedMain] com.zaxxer.hikari.HikariDataSource       : HikariPool-1 - Starting...
2021-09-17 22:58:42.194  INFO 7900 --- [restartedMain] hsqldb.db.HSQLDB7BF77C4707.ENGINE        : Checkpoint start
2021-09-17 22:58:42.194  INFO 7900 --- [restartedMain] hsqldb.db.HSQLDB7BF77C4707.ENGINE        : checkpointClose start
2021-09-17 22:58:42.206  INFO 7900 --- [restartedMain] hsqldb.db.HSQLDB7BF77C4707.ENGINE        : checkpointClose synched
2021-09-17 22:58:42.231  INFO 7900 --- [restartedMain] hsqldb.db.HSQLDB7BF77C4707.ENGINE        : checkpointClose script done
2021-09-17 22:58:42.299  INFO 7900 --- [restartedMain] hsqldb.db.HSQLDB7BF77C4707.ENGINE        : checkpointClose end
2021-09-17 22:58:42.300  INFO 7900 --- [restartedMain] hsqldb.db.HSQLDB7BF77C4707.ENGINE        : Checkpoint end - txts: 1
2021-09-17 22:58:42.344  INFO 7900 --- [restartedMain] com.zaxxer.hikari.pool.PoolBase          : HikariPool-1 - Driver does not support get/set network timeout for connections. (feature not supported)
2021-09-17 22:58:42.346  INFO 7900 --- [restartedMain] com.zaxxer.hikari.HikariDataSource       : HikariPool-1 - Start completed.
2021-09-17 22:58:42.385  INFO 7900 --- [restartedMain] I.Java.service.impl.LocalStorageService  : Intializing local storage with root dir: /var/static
2021-09-17 22:58:42.552  INFO 7900 --- [restartedMain] o.s.s.concurrent.ThreadPoolTaskExecutor  : Initializing ExecutorService 'applicationTaskExecutor'
2021-09-17 22:58:42.965  INFO 7900 --- [restartedMain] o.s.b.d.a.OptionalLiveReloadServer       : LiveReload server is running on port 35729
2021-09-17 22:58:42.971  INFO 7900 --- [restartedMain] o.s.b.a.e.web.EndpointLinksResolver      : Exposing 2 endpoint(s) beneath base path '/actuator'
2021-09-17 22:58:43.055  INFO 7900 --- [restartedMain] o.s.b.w.embedded.tomcat.TomcatWebServer  : Tomcat started on port(s): 8080 (http) with context path ''
2021-09-17 22:58:43.074  INFO 7900 --- [restartedMain] IT.Java.Application                      : Started Application in 3.808 seconds (JVM running for 4.265)
2021-12-31 00:42:02.988  INFO 12832 --- [restartedMain] IT.Java.Application                      : Starting Application on DENIS-WS with PID 12832 (D:\WorkPlace\Java\springboot-profiles\target\classes started by yangly_3@hotmail.com in D:\WorkPlace\Java\springboot-profiles)
2021-12-31 00:42:02.991  INFO 12832 --- [restartedMain] IT.Java.Application                      : No active profile set, falling back to default profiles: default
2021-12-31 00:42:03.040  INFO 12832 --- [restartedMain] .e.DevToolsPropertyDefaultsPostProcessor : Devtools property defaults active! Set 'spring.devtools.add-properties' to 'false' to disable
2021-12-31 00:42:03.040  INFO 12832 --- [restartedMain] .e.DevToolsPropertyDefaultsPostProcessor : For additional web related logging consider setting the 'logging.level.web' property to 'DEBUG'
2021-12-31 00:42:04.144  INFO 12832 --- [restartedMain] o.s.b.w.embedded.tomcat.TomcatWebServer  : Tomcat initialized with port(s): 8080 (http)
2021-12-31 00:42:04.151  INFO 12832 --- [restartedMain] o.apache.catalina.core.StandardService   : Starting service [Tomcat]
2021-12-31 00:42:04.151  INFO 12832 --- [restartedMain] org.apache.catalina.core.StandardEngine  : Starting Servlet engine: [Apache Tomcat/9.0.35]
2021-12-31 00:42:04.209  INFO 12832 --- [restartedMain] o.a.c.c.C.[Tomcat].[localhost].[/]       : Initializing Spring embedded WebApplicationContext
2021-12-31 00:42:04.210  INFO 12832 --- [restartedMain] o.s.web.context.ContextLoader            : Root WebApplicationContext: initialization completed in 1170 ms
2021-12-31 00:42:04.372  WARN 12832 --- [restartedMain] com.zaxxer.hikari.HikariConfig           : HikariPool-1 - idleTimeout is close to or more than maxLifetime, disabling it.
2021-12-31 00:42:04.373  INFO 12832 --- [restartedMain] com.zaxxer.hikari.HikariDataSource       : HikariPool-1 - Starting...
2021-12-31 00:42:04.525  INFO 12832 --- [restartedMain] hsqldb.db.HSQLDB7BF77C4707.ENGINE        : checkpointClose start
2021-12-31 00:42:04.525  INFO 12832 --- [restartedMain] hsqldb.db.HSQLDB7BF77C4707.ENGINE        : checkpointClose synched
2021-12-31 00:42:04.561  INFO 12832 --- [restartedMain] hsqldb.db.HSQLDB7BF77C4707.ENGINE        : checkpointClose script done
2021-12-31 00:42:04.645  INFO 12832 --- [restartedMain] hsqldb.db.HSQLDB7BF77C4707.ENGINE        : checkpointClose end
2021-12-31 00:42:04.651  INFO 12832 --- [restartedMain] com.zaxxer.hikari.pool.PoolBase          : HikariPool-1 - Driver does not support get/set network timeout for connections. (feature not supported)
2021-12-31 00:42:04.653  INFO 12832 --- [restartedMain] com.zaxxer.hikari.HikariDataSource       : HikariPool-1 - Start completed.
2021-12-31 00:42:04.723  INFO 12832 --- [restartedMain] I.Java.service.impl.LocalStorageService  : Intializing local storage with root dir: /var/static
2021-12-31 00:42:04.827  INFO 12832 --- [restartedMain] o.s.s.concurrent.ThreadPoolTaskExecutor  : Initializing ExecutorService 'applicationTaskExecutor'
2021-12-31 00:42:05.134  INFO 12832 --- [restartedMain] o.s.b.d.a.OptionalLiveReloadServer       : LiveReload server is running on port 35729
2021-12-31 00:42:05.139  INFO 12832 --- [restartedMain] o.s.b.a.e.web.EndpointLinksResolver      : Exposing 2 endpoint(s) beneath base path '/actuator'
2021-12-31 00:42:05.201  INFO 12832 --- [restartedMain] o.s.b.w.embedded.tomcat.TomcatWebServer  : Tomcat started on port(s): 8080 (http) with context path ''
2021-12-31 00:42:05.215  INFO 12832 --- [restartedMain] IT.Java.Application                      : Started Application in 2.587 seconds (JVM running for 3.234)
2021-12-31 00:42:05.636  INFO 12832 --- [RMI TCP Connection(2)-192.168.56.1] o.a.c.c.C.[Tomcat].[localhost].[/]       : Initializing Spring DispatcherServlet 'dispatcherServlet'
2021-12-31 00:42:05.637  INFO 12832 --- [RMI TCP Connection(2)-192.168.56.1] o.s.web.servlet.DispatcherServlet        : Initializing Servlet 'dispatcherServlet'
2021-12-31 00:42:05.642  INFO 12832 --- [RMI TCP Connection(2)-192.168.56.1] o.s.web.servlet.DispatcherServlet        : Completed initialization in 5 ms
2021-12-31 00:42:30.968  INFO 12832 --- [SpringContextShutdownHook] o.s.s.concurrent.ThreadPoolTaskExecutor  : Shutting down ExecutorService 'applicationTaskExecutor'
2021-12-31 00:42:30.969  INFO 12832 --- [SpringContextShutdownHook] com.zaxxer.hikari.HikariDataSource       : HikariPool-1 - Shutdown initiated...
2021-12-31 00:42:31.017  INFO 12832 --- [SpringContextShutdownHook] com.zaxxer.hikari.HikariDataSource       : HikariPool-1 - Shutdown completed.
2021-12-31 00:45:15.935  INFO 8528 --- [restartedMain] IT.Java.Application                      : Starting Application on DENIS-WS with PID 8528 (D:\WorkPlace\Java\springboot-profiles\target\classes started by yangly_3@hotmail.com in D:\WorkPlace\Java\springboot-profiles)
2021-12-31 00:45:15.937  INFO 8528 --- [restartedMain] IT.Java.Application                      : No active profile set, falling back to default profiles: default
2021-12-31 00:45:15.980  INFO 8528 --- [restartedMain] .e.DevToolsPropertyDefaultsPostProcessor : Devtools property defaults active! Set 'spring.devtools.add-properties' to 'false' to disable
2021-12-31 00:45:15.980  INFO 8528 --- [restartedMain] .e.DevToolsPropertyDefaultsPostProcessor : For additional web related logging consider setting the 'logging.level.web' property to 'DEBUG'
2021-12-31 00:45:17.092  INFO 8528 --- [restartedMain] o.s.b.w.embedded.tomcat.TomcatWebServer  : Tomcat initialized with port(s): 8080 (http)
2021-12-31 00:45:17.099  INFO 8528 --- [restartedMain] o.apache.catalina.core.StandardService   : Starting service [Tomcat]
2021-12-31 00:45:17.099  INFO 8528 --- [restartedMain] org.apache.catalina.core.StandardEngine  : Starting Servlet engine: [Apache Tomcat/9.0.35]
2021-12-31 00:45:17.161  INFO 8528 --- [restartedMain] o.a.c.c.C.[Tomcat].[localhost].[/]       : Initializing Spring embedded WebApplicationContext
2021-12-31 00:45:17.161  INFO 8528 --- [restartedMain] o.s.web.context.ContextLoader            : Root WebApplicationContext: initialization completed in 1181 ms
2021-12-31 00:45:17.358  WARN 8528 --- [restartedMain] com.zaxxer.hikari.HikariConfig           : HikariPool-1 - idleTimeout is close to or more than maxLifetime, disabling it.
2021-12-31 00:45:17.359  INFO 8528 --- [restartedMain] com.zaxxer.hikari.HikariDataSource       : HikariPool-1 - Starting...
2021-12-31 00:45:17.533  INFO 8528 --- [restartedMain] hsqldb.db.HSQLDB7BF77C4707.ENGINE        : checkpointClose start
2021-12-31 00:45:17.534  INFO 8528 --- [restartedMain] hsqldb.db.HSQLDB7BF77C4707.ENGINE        : checkpointClose synched
2021-12-31 00:45:17.573  INFO 8528 --- [restartedMain] hsqldb.db.HSQLDB7BF77C4707.ENGINE        : checkpointClose script done
2021-12-31 00:45:17.666  INFO 8528 --- [restartedMain] hsqldb.db.HSQLDB7BF77C4707.ENGINE        : checkpointClose end
2021-12-31 00:45:17.671  INFO 8528 --- [restartedMain] com.zaxxer.hikari.pool.PoolBase          : HikariPool-1 - Driver does not support get/set network timeout for connections. (feature not supported)
2021-12-31 00:45:17.673  INFO 8528 --- [restartedMain] com.zaxxer.hikari.HikariDataSource       : HikariPool-1 - Start completed.
2021-12-31 00:45:17.742  INFO 8528 --- [restartedMain] I.Java.service.impl.LocalStorageService  : Intializing local storage with root dir: /var/static
2021-12-31 00:45:17.870  INFO 8528 --- [restartedMain] o.s.s.concurrent.ThreadPoolTaskExecutor  : Initializing ExecutorService 'applicationTaskExecutor'
2021-12-31 00:45:18.200  INFO 8528 --- [restartedMain] o.s.b.d.a.OptionalLiveReloadServer       : LiveReload server is running on port 35729
2021-12-31 00:45:18.204  INFO 8528 --- [restartedMain] o.s.b.a.e.web.EndpointLinksResolver      : Exposing 2 endpoint(s) beneath base path '/actuator'
2021-12-31 00:45:18.265  INFO 8528 --- [restartedMain] o.s.b.w.embedded.tomcat.TomcatWebServer  : Tomcat started on port(s): 8080 (http) with context path ''
2021-12-31 00:45:18.280  INFO 8528 --- [restartedMain] IT.Java.Application                      : Started Application in 2.815 seconds (JVM running for 3.504)
2021-12-31 00:45:18.352  INFO 8528 --- [RMI TCP Connection(1)-192.168.56.1] o.a.c.c.C.[Tomcat].[localhost].[/]       : Initializing Spring DispatcherServlet 'dispatcherServlet'
2021-12-31 00:45:18.352  INFO 8528 --- [RMI TCP Connection(1)-192.168.56.1] o.s.web.servlet.DispatcherServlet        : Initializing Servlet 'dispatcherServlet'
2021-12-31 00:45:18.363  INFO 8528 --- [RMI TCP Connection(1)-192.168.56.1] o.s.web.servlet.DispatcherServlet        : Completed initialization in 11 ms
2021-12-31 00:45:31.122  INFO 8528 --- [SpringContextShutdownHook] o.s.s.concurrent.ThreadPoolTaskExecutor  : Shutting down ExecutorService 'applicationTaskExecutor'
2021-12-31 00:45:31.124  INFO 8528 --- [SpringContextShutdownHook] com.zaxxer.hikari.HikariDataSource       : HikariPool-1 - Shutdown initiated...
2021-12-31 00:45:31.181  INFO 8528 --- [SpringContextShutdownHook] com.zaxxer.hikari.HikariDataSource       : HikariPool-1 - Shutdown completed.
